<?xml version="1.0" encoding="UTF-8"?>
<testsuite xmlns:xsi="http://www.w3.org/2001/XMLSchema-instance" xsi:noNamespaceSchemaLocation="https://maven.apache.org/surefire/maven-surefire-plugin/xsd/surefire-test-report.xsd" name="com.fn14.belajar.hibernate.TestUniqueConstraints" time="0.007" tests="2" errors="2" skipped="0" failures="0">
  <properties>
[...]
</properties>
  <testcase name="testInsertInValid" classname="com.fn14.belajar.hibernate.TestUniqueConstraints" time="0.003">
    <error message="org.hibernate.exception.ConstraintViolationException: could not execute statement" type="javax.persistence.PersistenceException">javax.persistence.PersistenceException: org.hibernate.exception.ConstraintViolationException: could not execute statement
	at com.fn14.belajar.hibernate.TestUniqueConstraints.testInsertInValid(TestUniqueConstraints.java:69)
Caused by: org.hibernate.exception.ConstraintViolationException: could not execute statement
	at com.fn14.belajar.hibernate.TestUniqueConstraints.testInsertInValid(TestUniqueConstraints.java:69)
Caused by: org.postgresql.util.PSQLException: 
ERROR: duplicate key value violates unique constraint "un_kelas"
  Detail: Key (name, th_angkatan)=(IPS 1, 1993) already exists.
	at com.fn14.belajar.hibernate.TestUniqueConstraints.testInsertInValid(TestUniqueConstraints.java:69)
</error>
    <system-out><![CDATA[init hibernate session
Hibernate: 
    insert 
    into
        tb_kelasconstraint
        (create_by, create_date, name, update_by, update_date, th_angkatan, id) 
    values
        (?, ?, ?, ?, ?, ?, ?)
Hibernate: 
    insert 
    into
        tb_kelasconstraint
        (create_by, create_date, name, update_by, update_date, th_angkatan, id) 
    values
        (?, ?, ?, ?, ?, ?, ?)
destroy hibernate session!
]]></system-out>
    <system-err><![CDATA[Apr 25, 2021 11:26:37 PM org.hibernate.engine.jdbc.spi.SqlExceptionHelper logExceptions
WARN: SQL Error: 0, SQLState: 23505
Apr 25, 2021 11:26:37 PM org.hibernate.engine.jdbc.spi.SqlExceptionHelper logExceptions
ERROR: ERROR: duplicate key value violates unique constraint "un_kelas"
  Detail: Key (name, th_angkatan)=(IPS 1, 1993) already exists.
]]></system-err>
  </testcase>
  <testcase name="testInsertValid" classname="com.fn14.belajar.hibernate.TestUniqueConstraints" time="0.003">
    <error message="org.hibernate.exception.ConstraintViolationException: could not execute statement" type="javax.persistence.PersistenceException">javax.persistence.PersistenceException: org.hibernate.exception.ConstraintViolationException: could not execute statement
	at com.fn14.belajar.hibernate.TestUniqueConstraints.testInsertValid(TestUniqueConstraints.java:44)
Caused by: org.hibernate.exception.ConstraintViolationException: could not execute statement
	at com.fn14.belajar.hibernate.TestUniqueConstraints.testInsertValid(TestUniqueConstraints.java:44)
Caused by: org.postgresql.util.PSQLException: 
ERROR: duplicate key value violates unique constraint "un_kelas"
  Detail: Key (name, th_angkatan)=(IPS 2, 2001) already exists.
	at com.fn14.belajar.hibernate.TestUniqueConstraints.testInsertValid(TestUniqueConstraints.java:44)
</error>
    <system-out><![CDATA[init hibernate session
Hibernate: 
    insert 
    into
        tb_kelasconstraint
        (create_by, create_date, name, update_by, update_date, th_angkatan, id) 
    values
        (?, ?, ?, ?, ?, ?, ?)
destroy hibernate session!
]]></system-out>
    <system-err><![CDATA[Apr 25, 2021 11:26:37 PM org.hibernate.engine.jdbc.spi.SqlExceptionHelper logExceptions
WARN: SQL Error: 0, SQLState: 23505
Apr 25, 2021 11:26:37 PM org.hibernate.engine.jdbc.spi.SqlExceptionHelper logExceptions
ERROR: ERROR: duplicate key value violates unique constraint "un_kelas"
  Detail: Key (name, th_angkatan)=(IPS 2, 2001) already exists.
]]></system-err>
  </testcase>
</testsuite>